This is pdfTeX, Version 3.1415926-2.5-1.40.14 (MiKTeX 2.9 64-bit) (preloaded format=pdflatex 2014.11.11)  19 NOV 2014 21:37
entering extended mode
**Meilenstein1.tex

(D:\Studi-Kram\Studiumsf채cher\Sopra\DdD\team17\Aufgabenbl채tter\Meilenstein1\M
eilenstein1.tex
LaTeX2e <2011/06/27>
Babel <v3.8m> and hyphenation patterns for english, afrikaans, ancientgreek, ar
abic, armenian, assamese, basque, bengali, bokmal, bulgarian, catalan, coptic, 
croatian, czech, danish, dutch, esperanto, estonian, farsi, finnish, french, ga
lician, german, german-x-2013-05-26, greek, gujarati, hindi, hungarian, iceland
ic, indonesian, interlingua, irish, italian, kannada, kurmanji, latin, latvian,
 lithuanian, malayalam, marathi, mongolian, mongolianlmc, monogreek, ngerman, n
german-x-2013-05-26, nynorsk, oriya, panjabi, pinyin, polish, portuguese, roman
ian, russian, sanskrit, serbian, slovak, slovenian, spanish, swedish, swissgerm
an, tamil, telugu, turkish, turkmen, ukenglish, ukrainian, uppersorbian, usengl
ishmax, welsh, loaded.
("C:\Program Files (x86)\Miktex\tex\latex\base\article.cls"
Document Class: article 2007/10/19 v1.4h Standard LaTeX document class
("C:\Program Files (x86)\Miktex\tex\latex\base\size12.clo"
File: size12.clo 2007/10/19 v1.4h Standard LaTeX file (size option)
)
\c@part=\count79
\c@section=\count80
\c@subsection=\count81
\c@subsubsection=\count82
\c@paragraph=\count83
\c@subparagraph=\count84
\c@figure=\count85
\c@table=\count86
\abovecaptionskip=\skip41
\belowcaptionskip=\skip42
\bibindent=\dimen102
)
("C:\Program Files (x86)\Miktex\tex\latex\base\inputenc.sty"
Package: inputenc 2008/03/30 v1.1d Input encoding file
\inpenc@prehook=\toks14
\inpenc@posthook=\toks15

("C:\Program Files (x86)\Miktex\tex\latex\base\utf8.def"
File: utf8.def 2008/04/05 v1.1m UTF-8 support for inputenc
Now handling font encoding OML ...
... no UTF-8 mapping file for font encoding OML
Now handling font encoding T1 ...
... processing UTF-8 mapping file for font encoding T1

("C:\Program Files (x86)\Miktex\tex\latex\base\t1enc.dfu"
File: t1enc.dfu 2008/04/05 v1.1m UTF-8 support for inputenc
   defining Unicode char U+00A1 (decimal 161)
   defining Unicode char U+00A3 (decimal 163)
   defining Unicode char U+00AB (decimal 171)
   defining Unicode char U+00BB (decimal 187)
   defining Unicode char U+00BF (decimal 191)
   defining Unicode char U+00C0 (decimal 192)
   defining Unicode char U+00C1 (decimal 193)
   defining Unicode char U+00C2 (decimal 194)
   defining Unicode char U+00C3 (decimal 195)
   defining Unicode char U+00C4 (decimal 196)
   defining Unicode char U+00C5 (decimal 197)
   defining Unicode char U+00C6 (decimal 198)
   defining Unicode char U+00C7 (decimal 199)
   defining Unicode char U+00C8 (decimal 200)
   defining Unicode char U+00C9 (decimal 201)
   defining Unicode char U+00CA (decimal 202)
   defining Unicode char U+00CB (decimal 203)
   defining Unicode char U+00CC (decimal 204)
   defining Unicode char U+00CD (decimal 205)
   defining Unicode char U+00CE (decimal 206)
   defining Unicode char U+00CF (decimal 207)
   defining Unicode char U+00D0 (decimal 208)
   defining Unicode char U+00D1 (decimal 209)
   defining Unicode char U+00D2 (decimal 210)
   defining Unicode char U+00D3 (decimal 211)
   defining Unicode char U+00D4 (decimal 212)
   defining Unicode char U+00D5 (decimal 213)
   defining Unicode char U+00D6 (decimal 214)
   defining Unicode char U+00D8 (decimal 216)
   defining Unicode char U+00D9 (decimal 217)
   defining Unicode char U+00DA (decimal 218)
   defining Unicode char U+00DB (decimal 219)
   defining Unicode char U+00DC (decimal 220)
   defining Unicode char U+00DD (decimal 221)
   defining Unicode char U+00DE (decimal 222)
   defining Unicode char U+00DF (decimal 223)
   defining Unicode char U+00E0 (decimal 224)
   defining Unicode char U+00E1 (decimal 225)
   defining Unicode char U+00E2 (decimal 226)
   defining Unicode char U+00E3 (decimal 227)
   defining Unicode char U+00E4 (decimal 228)
   defining Unicode char U+00E5 (decimal 229)
   defining Unicode char U+00E6 (decimal 230)
   defining Unicode char U+00E7 (decimal 231)
   defining Unicode char U+00E8 (decimal 232)
   defining Unicode char U+00E9 (decimal 233)
   defining Unicode char U+00EA (decimal 234)
   defining Unicode char U+00EB (decimal 235)
   defining Unicode char U+00EC (decimal 236)
   defining Unicode char U+00ED (decimal 237)
   defining Unicode char U+00EE (decimal 238)
   defining Unicode char U+00EF (decimal 239)
   defining Unicode char U+00F0 (decimal 240)
   defining Unicode char U+00F1 (decimal 241)
   defining Unicode char U+00F2 (decimal 242)
   defining Unicode char U+00F3 (decimal 243)
   defining Unicode char U+00F4 (decimal 244)
   defining Unicode char U+00F5 (decimal 245)
   defining Unicode char U+00F6 (decimal 246)
   defining Unicode char U+00F8 (decimal 248)
   defining Unicode char U+00F9 (decimal 249)
   defining Unicode char U+00FA (decimal 250)
   defining Unicode char U+00FB (decimal 251)
   defining Unicode char U+00FC (decimal 252)
   defining Unicode char U+00FD (decimal 253)
   defining Unicode char U+00FE (decimal 254)
   defining Unicode char U+00FF (decimal 255)
   defining Unicode char U+0102 (decimal 258)
   defining Unicode char U+0103 (decimal 259)
   defining Unicode char U+0104 (decimal 260)
   defining Unicode char U+0105 (decimal 261)
   defining Unicode char U+0106 (decimal 262)
   defining Unicode char U+0107 (decimal 263)
   defining Unicode char U+010C (decimal 268)
   defining Unicode char U+010D (decimal 269)
   defining Unicode char U+010E (decimal 270)
   defining Unicode char U+010F (decimal 271)
   defining Unicode char U+0110 (decimal 272)
   defining Unicode char U+0111 (decimal 273)
   defining Unicode char U+0118 (decimal 280)
   defining Unicode char U+0119 (decimal 281)
   defining Unicode char U+011A (decimal 282)
   defining Unicode char U+011B (decimal 283)
   defining Unicode char U+011E (decimal 286)
   defining Unicode char U+011F (decimal 287)
   defining Unicode char U+0130 (decimal 304)
   defining Unicode char U+0131 (decimal 305)
   defining Unicode char U+0132 (decimal 306)
   defining Unicode char U+0133 (decimal 307)
   defining Unicode char U+0139 (decimal 313)
   defining Unicode char U+013A (decimal 314)
   defining Unicode char U+013D (decimal 317)
   defining Unicode char U+013E (decimal 318)
   defining Unicode char U+0141 (decimal 321)
   defining Unicode char U+0142 (decimal 322)
   defining Unicode char U+0143 (decimal 323)
   defining Unicode char U+0144 (decimal 324)
   defining Unicode char U+0147 (decimal 327)
   defining Unicode char U+0148 (decimal 328)
   defining Unicode char U+014A (decimal 330)
   defining Unicode char U+014B (decimal 331)
   defining Unicode char U+0150 (decimal 336)
   defining Unicode char U+0151 (decimal 337)
   defining Unicode char U+0152 (decimal 338)
   defining Unicode char U+0153 (decimal 339)
   defining Unicode char U+0154 (decimal 340)
   defining Unicode char U+0155 (decimal 341)
   defining Unicode char U+0158 (decimal 344)
   defining Unicode char U+0159 (decimal 345)
   defining Unicode char U+015A (decimal 346)
   defining Unicode char U+015B (decimal 347)
   defining Unicode char U+015E (decimal 350)
   defining Unicode char U+015F (decimal 351)
   defining Unicode char U+0160 (decimal 352)
   defining Unicode char U+0161 (decimal 353)
   defining Unicode char U+0162 (decimal 354)
   defining Unicode char U+0163 (decimal 355)
   defining Unicode char U+0164 (decimal 356)
   defining Unicode char U+0165 (decimal 357)
   defining Unicode char U+016E (decimal 366)
   defining Unicode char U+016F (decimal 367)
   defining Unicode char U+0170 (decimal 368)
   defining Unicode char U+0171 (decimal 369)
   defining Unicode char U+0178 (decimal 376)
   defining Unicode char U+0179 (decimal 377)
   defining Unicode char U+017A (decimal 378)
   defining Unicode char U+017B (decimal 379)
   defining Unicode char U+017C (decimal 380)
   defining Unicode char U+017D (decimal 381)
   defining Unicode char U+017E (decimal 382)
   defining Unicode char U+200C (decimal 8204)
   defining Unicode char U+2013 (decimal 8211)
   defining Unicode char U+2014 (decimal 8212)
   defining Unicode char U+2018 (decimal 8216)
   defining Unicode char U+2019 (decimal 8217)
   defining Unicode char U+201A (decimal 8218)
   defining Unicode char U+201C (decimal 8220)
   defining Unicode char U+201D (decimal 8221)
   defining Unicode char U+201E (decimal 8222)
   defining Unicode char U+2030 (decimal 8240)
   defining Unicode char U+2031 (decimal 8241)
   defining Unicode char U+2039 (decimal 8249)
   defining Unicode char U+203A (decimal 8250)
   defining Unicode char U+2423 (decimal 9251)
)
Now handling font encoding OT1 ...
... processing UTF-8 mapping file for font encoding OT1

("C:\Program Files (x86)\Miktex\tex\latex\base\ot1enc.dfu"
File: ot1enc.dfu 2008/04/05 v1.1m UTF-8 support for inputenc
   defining Unicode char U+00A1 (decimal 161)
   defining Unicode char U+00A3 (decimal 163)
   defining Unicode char U+00B8 (decimal 184)
   defining Unicode char U+00BF (decimal 191)
   defining Unicode char U+00C5 (decimal 197)
   defining Unicode char U+00C6 (decimal 198)
   defining Unicode char U+00D8 (decimal 216)
   defining Unicode char U+00DF (decimal 223)
   defining Unicode char U+00E6 (decimal 230)
   defining Unicode char U+00EC (decimal 236)
   defining Unicode char U+00ED (decimal 237)
   defining Unicode char U+00EE (decimal 238)
   defining Unicode char U+00EF (decimal 239)
   defining Unicode char U+00F8 (decimal 248)
   defining Unicode char U+0131 (decimal 305)
   defining Unicode char U+0141 (decimal 321)
   defining Unicode char U+0142 (decimal 322)
   defining Unicode char U+0152 (decimal 338)
   defining Unicode char U+0153 (decimal 339)
   defining Unicode char U+2013 (decimal 8211)
   defining Unicode char U+2014 (decimal 8212)
   defining Unicode char U+2018 (decimal 8216)
   defining Unicode char U+2019 (decimal 8217)
   defining Unicode char U+201C (decimal 8220)
   defining Unicode char U+201D (decimal 8221)
)
Now handling font encoding OMS ...
... processing UTF-8 mapping file for font encoding OMS

("C:\Program Files (x86)\Miktex\tex\latex\base\omsenc.dfu"
File: omsenc.dfu 2008/04/05 v1.1m UTF-8 support for inputenc
   defining Unicode char U+00A7 (decimal 167)
   defining Unicode char U+00B6 (decimal 182)
   defining Unicode char U+00B7 (decimal 183)
   defining Unicode char U+2020 (decimal 8224)
   defining Unicode char U+2021 (decimal 8225)
   defining Unicode char U+2022 (decimal 8226)
)
Now handling font encoding OMX ...
... no UTF-8 mapping file for font encoding OMX
Now handling font encoding U ...
... no UTF-8 mapping file for font encoding U
   defining Unicode char U+00A9 (decimal 169)
   defining Unicode char U+00AA (decimal 170)
   defining Unicode char U+00AE (decimal 174)
   defining Unicode char U+00BA (decimal 186)
   defining Unicode char U+02C6 (decimal 710)
   defining Unicode char U+02DC (decimal 732)
   defining Unicode char U+200C (decimal 8204)
   defining Unicode char U+2026 (decimal 8230)
   defining Unicode char U+2122 (decimal 8482)
   defining Unicode char U+2423 (decimal 9251)
))
("C:\Program Files (x86)\Miktex\tex\latex\amsmath\amsmath.sty"
Package: amsmath 2013/01/14 v2.14 AMS math features
\@mathmargin=\skip43

For additional information on amsmath, use the `?' option.
("C:\Program Files (x86)\Miktex\tex\latex\amsmath\amstext.sty"
Package: amstext 2000/06/29 v2.01

("C:\Program Files (x86)\Miktex\tex\latex\amsmath\amsgen.sty"
File: amsgen.sty 1999/11/30 v2.0
\@emptytoks=\toks16
\ex@=\dimen103
))
("C:\Program Files (x86)\Miktex\tex\latex\amsmath\amsbsy.sty"
Package: amsbsy 1999/11/29 v1.2d
\pmbraise@=\dimen104
)
("C:\Program Files (x86)\Miktex\tex\latex\amsmath\amsopn.sty"
Package: amsopn 1999/12/14 v2.01 operator names
)
\inf@bad=\count87
LaTeX Info: Redefining \frac on input line 210.
\uproot@=\count88
\leftroot@=\count89
LaTeX Info: Redefining \overline on input line 306.
\classnum@=\count90
\DOTSCASE@=\count91
LaTeX Info: Redefining \ldots on input line 378.
LaTeX Info: Redefining \dots on input line 381.
LaTeX Info: Redefining \cdots on input line 466.
\Mathstrutbox@=\box26
\strutbox@=\box27
\big@size=\dimen105
LaTeX Font Info:    Redeclaring font encoding OML on input line 566.
LaTeX Font Info:    Redeclaring font encoding OMS on input line 567.
\macc@depth=\count92
\c@MaxMatrixCols=\count93
\dotsspace@=\muskip10
\c@parentequation=\count94
\dspbrk@lvl=\count95
\tag@help=\toks17
\row@=\count96
\column@=\count97
\maxfields@=\count98
\andhelp@=\toks18
\eqnshift@=\dimen106
\alignsep@=\dimen107
\tagshift@=\dimen108
\tagwidth@=\dimen109
\totwidth@=\dimen110
\lineht@=\dimen111
\@envbody=\toks19
\multlinegap=\skip44
\multlinetaggap=\skip45
\mathdisplay@stack=\toks20
LaTeX Info: Redefining \[ on input line 2665.
LaTeX Info: Redefining \] on input line 2666.
)
("C:\Program Files (x86)\Miktex\tex\latex\amsfonts\amsfonts.sty"
Package: amsfonts 2013/01/14 v3.01 Basic AMSFonts support
\symAMSa=\mathgroup4
\symAMSb=\mathgroup5
LaTeX Font Info:    Overwriting math alphabet `\mathfrak' in version `bold'
(Font)                  U/euf/m/n --> U/euf/b/n on input line 106.
)
("C:\Program Files (x86)\Miktex\tex\latex\amsfonts\amssymb.sty"
Package: amssymb 2013/01/14 v3.01 AMS font symbols
)
("C:\Program Files (x86)\Miktex\tex\latex\graphics\graphicx.sty"
Package: graphicx 1999/02/16 v1.0f Enhanced LaTeX Graphics (DPC,SPQR)

("C:\Program Files (x86)\Miktex\tex\latex\graphics\keyval.sty"
Package: keyval 1999/03/16 v1.13 key=value parser (DPC)
\KV@toks@=\toks21
)
("C:\Program Files (x86)\Miktex\tex\latex\graphics\graphics.sty"
Package: graphics 2009/02/05 v1.0o Standard LaTeX Graphics (DPC,SPQR)

("C:\Program Files (x86)\Miktex\tex\latex\graphics\trig.sty"
Package: trig 1999/03/16 v1.09 sin cos tan (DPC)
)
("C:\Program Files (x86)\Miktex\tex\latex\00miktex\graphics.cfg"
File: graphics.cfg 2007/01/18 v1.5 graphics configuration of teTeX/TeXLive
)
Package graphics Info: Driver file: pdftex.def on input line 91.

("C:\Program Files (x86)\Miktex\tex\latex\pdftex-def\pdftex.def"
File: pdftex.def 2011/05/27 v0.06d Graphics/color for pdfTeX

("C:\Program Files (x86)\Miktex\tex\generic\oberdiek\infwarerr.sty"
Package: infwarerr 2010/04/08 v1.3 Providing info/warning/error messages (HO)
)
("C:\Program Files (x86)\Miktex\tex\generic\oberdiek\ltxcmds.sty"
Package: ltxcmds 2011/11/09 v1.22 LaTeX kernel commands for general use (HO)
)
\Gread@gobject=\count99
))
\Gin@req@height=\dimen112
\Gin@req@width=\dimen113
)
("C:\Program Files (x86)\Miktex\tex\latex\float\float.sty"
Package: float 2001/11/08 v1.3d Float enhancements (AL)
\c@float@type=\count100
\float@exts=\toks22
\float@box=\box28
\@float@everytoks=\toks23
\@floatcapt=\box29
)
("C:\Program Files (x86)\Miktex\tex\generic\babel\babel.sty"
Package: babel 2008/07/08 v3.8m The Babel package

*************************************
* Local config file bblopts.cfg used
*
("C:\Program Files (x86)\Miktex\tex\latex\00miktex\bblopts.cfg"
File: bblopts.cfg 2006/07/31 v1.0 MiKTeX 'babel' configuration
)
("C:\Program Files (x86)\Miktex\tex\generic\babel\ngermanb.ldf"
Language: ngermanb 2008/07/06 v2.6n new German support from the babel system

("C:\Program Files (x86)\Miktex\tex\generic\babel\babel.def"
File: babel.def 2008/07/08 v3.8m Babel common definitions
\babel@savecnt=\count101
\U@D=\dimen114
)
\l@naustrian = a dialect from \language\l@ngerman 
Package babel Info: Making " an active character on input line 92.
))
(D:\Studi-Kram\Studiumsf채cher\Sopra\DdD\team17\Aufgabenbl채tter\Meilenstein1\M
eilenstein1.aux)
LaTeX Font Info:    Checking defaults for OML/cmm/m/it on input line 16.
LaTeX Font Info:    ... okay on input line 16.
LaTeX Font Info:    Checking defaults for T1/cmr/m/n on input line 16.
LaTeX Font Info:    ... okay on input line 16.
LaTeX Font Info:    Checking defaults for OT1/cmr/m/n on input line 16.
LaTeX Font Info:    ... okay on input line 16.
LaTeX Font Info:    Checking defaults for OMS/cmsy/m/n on input line 16.
LaTeX Font Info:    ... okay on input line 16.
LaTeX Font Info:    Checking defaults for OMX/cmex/m/n on input line 16.
LaTeX Font Info:    ... okay on input line 16.
LaTeX Font Info:    Checking defaults for U/cmr/m/n on input line 16.
LaTeX Font Info:    ... okay on input line 16.
LaTeX Font Info:    Try loading font information for U+msa on input line 17.
 ("C:\Program Files (x86)\Miktex\tex\latex\amsfonts\umsa.fd"
File: umsa.fd 2013/01/14 v3.01 AMS symbols A
)
LaTeX Font Info:    Try loading font information for U+msb on input line 17.

("C:\Program Files (x86)\Miktex\tex\latex\amsfonts\umsb.fd"
File: umsb.fd 2013/01/14 v3.01 AMS symbols B
) [1

{C:/Users/Fabian/AppData/Local/MiKTeX/2.9/pdftex/config/pdftex.map}]
(D:\Studi-Kram\Studiumsf채cher\Sopra\DdD\team17\Aufgabenbl채tter\Meilenstein1\M
eilenstein1.toc)
\tf@toc=\write3
 [2] [3]
Overfull \hbox (14.70163pt too wide) in paragraph at lines 40--49
[] 
 []


Underfull \hbox (badness 10000) in paragraph at lines 40--49

 []


Underfull \hbox (badness 10000) in paragraph at lines 40--49

 []

[4]
Underfull \hbox (badness 6047) in paragraph at lines 56--56
[]\OT1/cmr/m/n/12 Heinz Kuntz(Tutor), Ralf Mor-gen(Student), Ni-co
 []


Overfull \hbox (14.70163pt too wide) in paragraph at lines 50--59
[][] 
 []


Underfull \hbox (badness 10000) in paragraph at lines 50--59

 []


Underfull \hbox (badness 10000) in paragraph at lines 50--59

 []


Overfull \hbox (14.70163pt too wide) in paragraph at lines 60--70
[][] 
 []


Underfull \hbox (badness 10000) in paragraph at lines 60--70

 []


Underfull \hbox (badness 10000) in paragraph at lines 60--70

 []


Overfull \hbox (14.70163pt too wide) in paragraph at lines 71--81
[][] 
 []


Underfull \hbox (badness 10000) in paragraph at lines 71--81

 []


Underfull \hbox (badness 10000) in paragraph at lines 71--81

 []


Overfull \hbox (14.70163pt too wide) in paragraph at lines 82--94
[][] 
 []


Underfull \hbox (badness 10000) in paragraph at lines 82--94

 []


Underfull \hbox (badness 10000) in paragraph at lines 82--94

 []

[5]
Overfull \hbox (14.70163pt too wide) in paragraph at lines 95--105
[][] 
 []


Underfull \hbox (badness 10000) in paragraph at lines 95--105

 []


Underfull \hbox (badness 10000) in paragraph at lines 95--105

 []


Overfull \hbox (14.70163pt too wide) in paragraph at lines 106--116
[][] 
 []


Underfull \hbox (badness 10000) in paragraph at lines 106--116

 []


Underfull \hbox (badness 10000) in paragraph at lines 106--116

 []


Overfull \hbox (14.70163pt too wide) in paragraph at lines 117--126
[][] 
 []


Underfull \hbox (badness 10000) in paragraph at lines 117--126

 []


Underfull \hbox (badness 10000) in paragraph at lines 117--126

 []


Overfull \hbox (14.70163pt too wide) in paragraph at lines 127--137
[][] 
 []


Underfull \hbox (badness 10000) in paragraph at lines 127--137

 []


Underfull \hbox (badness 10000) in paragraph at lines 127--137

 []

[6]
Overfull \hbox (14.70163pt too wide) in paragraph at lines 138--148
[][] 
 []


Underfull \hbox (badness 10000) in paragraph at lines 138--148

 []


Underfull \hbox (badness 10000) in paragraph at lines 138--148

 []


Overfull \hbox (14.70163pt too wide) in paragraph at lines 149--158
[][] 
 []


Underfull \hbox (badness 10000) in paragraph at lines 149--158

 []


Underfull \hbox (badness 10000) in paragraph at lines 149--158

 []


Overfull \hbox (14.70163pt too wide) in paragraph at lines 159--169
[][] 
 []


Underfull \hbox (badness 10000) in paragraph at lines 159--169

 []


Overfull \hbox (14.70163pt too wide) in paragraph at lines 170--180
[][] 
 []


Underfull \hbox (badness 10000) in paragraph at lines 170--180

 []


Underfull \hbox (badness 10000) in paragraph at lines 170--180

 []

[7]
Overfull \hbox (14.70163pt too wide) in paragraph at lines 181--190
[][] 
 []


Underfull \hbox (badness 10000) in paragraph at lines 181--190

 []


Underfull \hbox (badness 10000) in paragraph at lines 181--190

 []


Overfull \hbox (14.70163pt too wide) in paragraph at lines 191--200
[][] 
 []


Underfull \hbox (badness 10000) in paragraph at lines 191--200

 []


Underfull \hbox (badness 10000) in paragraph at lines 191--200

 []


Overfull \hbox (14.70163pt too wide) in paragraph at lines 201--210
[][] 
 []


Underfull \hbox (badness 10000) in paragraph at lines 201--210

 []


Underfull \hbox (badness 10000) in paragraph at lines 201--210

 []


Overfull \hbox (14.70163pt too wide) in paragraph at lines 211--221
[][] 
 []


Underfull \hbox (badness 10000) in paragraph at lines 211--221

 []


Underfull \hbox (badness 10000) in paragraph at lines 211--221

 []

[8]
Overfull \hbox (14.70163pt too wide) in paragraph at lines 222--231
[][] 
 []


Underfull \hbox (badness 10000) in paragraph at lines 222--231

 []


Underfull \hbox (badness 10000) in paragraph at lines 222--231

 []


Underfull \hbox (badness 1264) in paragraph at lines 236--237
[]\OT1/cmr/m/n/12 Lernstoff, Skript, Kom-men-tar, Dis-kus-si-on, Tu-to-ri-al,
 []


Underfull \hbox (badness 10000) in paragraph at lines 238--238
[]\OT1/cmr/m/n/12 Student stellt sich meh-re-re Kar-tei-kar-ten zur
 []


Overfull \hbox (14.70163pt too wide) in paragraph at lines 232--241
[][] 
 []


Underfull \hbox (badness 10000) in paragraph at lines 232--241

 []


Underfull \hbox (badness 10000) in paragraph at lines 232--241

 []


Underfull \hbox (badness 1264) in paragraph at lines 247--248
[]\OT1/cmr/m/n/12 Lernstoff, Skript, Kom-men-tar, Dis-kus-si-on, Tu-to-ri-al,
 []


Overfull \hbox (14.70163pt too wide) in paragraph at lines 242--252
[][] 
 []


Underfull \hbox (badness 10000) in paragraph at lines 242--252

 []


Underfull \hbox (badness 10000) in paragraph at lines 242--252

 []

[9]
Overfull \hbox (14.70163pt too wide) in paragraph at lines 253--263
[][] 
 []


Underfull \hbox (badness 10000) in paragraph at lines 253--263

 []


Underfull \hbox (badness 10000) in paragraph at lines 253--263

 []


Overfull \hbox (14.70163pt too wide) in paragraph at lines 264--273
[][] 
 []


Underfull \hbox (badness 10000) in paragraph at lines 264--273

 []


Underfull \hbox (badness 10000) in paragraph at lines 264--273

 []


Overfull \hbox (14.70163pt too wide) in paragraph at lines 274--283
[][] 
 []


Underfull \hbox (badness 10000) in paragraph at lines 274--283

 []


Underfull \hbox (badness 10000) in paragraph at lines 274--283

 []

[10]
Overfull \hbox (14.70163pt too wide) in paragraph at lines 284--295
[][] 
 []


Underfull \hbox (badness 10000) in paragraph at lines 284--295

 []


Underfull \hbox (badness 10000) in paragraph at lines 284--295

 []


Overfull \hbox (14.70163pt too wide) in paragraph at lines 296--305
[][] 
 []


Underfull \hbox (badness 10000) in paragraph at lines 296--305

 []


Underfull \hbox (badness 10000) in paragraph at lines 296--305

 []


Overfull \hbox (14.70163pt too wide) in paragraph at lines 306--315
[][] 
 []


Underfull \hbox (badness 10000) in paragraph at lines 306--315

 []


Underfull \hbox (badness 10000) in paragraph at lines 306--315

 []


Underfull \hbox (badness 10000) in paragraph at lines 321--322
[]\OT1/cmr/m/n/12 Benutzerprofil mit be-stimm-ten Rech-ten und
 []


Overfull \hbox (14.70163pt too wide) in paragraph at lines 316--325
[][] 
 []


Underfull \hbox (badness 10000) in paragraph at lines 316--325

 []


Underfull \hbox (badness 10000) in paragraph at lines 316--325

 []


Overfull \hbox (14.70163pt too wide) in paragraph at lines 326--337
[][] 
 []


Underfull \hbox (badness 10000) in paragraph at lines 326--337

 []


Underfull \hbox (badness 10000) in paragraph at lines 326--337

 []

[11]
Overfull \hbox (14.70163pt too wide) in paragraph at lines 338--348
[][] 
 []


Underfull \hbox (badness 10000) in paragraph at lines 338--348

 []


Underfull \hbox (badness 10000) in paragraph at lines 338--348

 []


Overfull \hbox (14.70163pt too wide) in paragraph at lines 349--360
[][] 
 []


Underfull \hbox (badness 10000) in paragraph at lines 349--360

 []


Underfull \hbox (badness 10000) in paragraph at lines 349--360

 []


Overfull \hbox (14.70163pt too wide) in paragraph at lines 361--371
[][] 
 []


Underfull \hbox (badness 10000) in paragraph at lines 361--371

 []


Underfull \hbox (badness 10000) in paragraph at lines 361--371

 []

[12]
Overfull \hbox (14.70163pt too wide) in paragraph at lines 372--381
[][] 
 []


Underfull \hbox (badness 10000) in paragraph at lines 372--381

 []


Underfull \hbox (badness 10000) in paragraph at lines 372--381

 []


Overfull \hbox (14.70163pt too wide) in paragraph at lines 383--394
[][] 
 []


Underfull \hbox (badness 10000) in paragraph at lines 383--394

 []


Underfull \hbox (badness 10000) in paragraph at lines 383--394

 []


Overfull \hbox (14.70163pt too wide) in paragraph at lines 395--406
[][] 
 []


Underfull \hbox (badness 10000) in paragraph at lines 395--406

 []


Underfull \hbox (badness 10000) in paragraph at lines 395--406

 []

[13]
Overfull \hbox (14.70163pt too wide) in paragraph at lines 407--416
[][] 
 []


Underfull \hbox (badness 10000) in paragraph at lines 407--416

 []


Underfull \hbox (badness 10000) in paragraph at lines 407--416

 []


Overfull \hbox (14.70163pt too wide) in paragraph at lines 417--426
[][] 
 []


Underfull \hbox (badness 10000) in paragraph at lines 417--426

 []


Underfull \hbox (badness 10000) in paragraph at lines 417--426

 []


Overfull \hbox (14.70163pt too wide) in paragraph at lines 427--436
[][] 
 []


Underfull \hbox (badness 10000) in paragraph at lines 427--436

 []


Underfull \hbox (badness 10000) in paragraph at lines 427--436

 []


Overfull \hbox (14.70163pt too wide) in paragraph at lines 437--448
[][] 
 []


Underfull \hbox (badness 10000) in paragraph at lines 437--448

 []


Underfull \hbox (badness 10000) in paragraph at lines 437--448

 []

[14]
Overfull \hbox (14.70163pt too wide) in paragraph at lines 449--458
[][] 
 []


Underfull \hbox (badness 10000) in paragraph at lines 449--458

 []


Underfull \hbox (badness 10000) in paragraph at lines 449--458

 []


Overfull \hbox (14.70163pt too wide) in paragraph at lines 459--469
[][] 
 []


Underfull \hbox (badness 10000) in paragraph at lines 459--469

 []


Underfull \hbox (badness 10000) in paragraph at lines 459--469

 []


Overfull \hbox (14.70163pt too wide) in paragraph at lines 470--479
[][] 
 []


Underfull \hbox (badness 10000) in paragraph at lines 470--479

 []


Underfull \hbox (badness 10000) in paragraph at lines 470--479

 []


Overfull \hbox (14.70163pt too wide) in paragraph at lines 480--490
[][] 
 []


Underfull \hbox (badness 10000) in paragraph at lines 480--490

 []


Underfull \hbox (badness 10000) in paragraph at lines 480--490

 []

[15]
Overfull \hbox (14.70163pt too wide) in paragraph at lines 491--502
[][] 
 []


Underfull \hbox (badness 10000) in paragraph at lines 491--502

 []


Underfull \hbox (badness 10000) in paragraph at lines 491--502

 []

[16]
Underfull \hbox (badness 10000) in paragraph at lines 506--508

 []


Underfull \hbox (badness 10000) in paragraph at lines 509--514

 []


Underfull \hbox (badness 10000) in paragraph at lines 509--514

 []


Underfull \hbox (badness 10000) in paragraph at lines 509--514

 []


Underfull \hbox (badness 10000) in paragraph at lines 515--520

 []


Underfull \hbox (badness 10000) in paragraph at lines 515--520

 []


Underfull \hbox (badness 10000) in paragraph at lines 521--525

 []


Underfull \hbox (badness 10000) in paragraph at lines 521--525

 []


Underfull \hbox (badness 10000) in paragraph at lines 526--530

 []


Underfull \hbox (badness 10000) in paragraph at lines 526--530

 []


Underfull \hbox (badness 10000) in paragraph at lines 531--535

 []


Underfull \hbox (badness 10000) in paragraph at lines 531--535

 []

[17]
Underfull \hbox (badness 10000) in paragraph at lines 538--539

 []


<Bilder/Anwendungsfalldiagramme/Benutzer.jpg, id=58, 569.87906pt x 532.99126pt>
File: Bilder/Anwendungsfalldiagramme/Benutzer.jpg Graphic file (type jpg)
<use Bilder/Anwendungsfalldiagramme/Benutzer.jpg>
Package pdftex.def Info: Bilder/Anwendungsfalldiagramme/Benutzer.jpg used on in
put line 542.
(pdftex.def)             Requested size: 390.0pt x 364.75523pt.

<Bilder/Anwendungsfalldiagramme/Moderator.jpg, id=59, 277.78781pt x 328.22626pt
>
File: Bilder/Anwendungsfalldiagramme/Moderator.jpg Graphic file (type jpg)
 <use Bilder/Anwendungsfalldiagramme/Moderator.jpg>
Package pdftex.def Info: Bilder/Anwendungsfalldiagramme/Moderator.jpg used on i
nput line 549.
(pdftex.def)             Requested size: 390.0pt x 460.82079pt.
 [18 <D:/Studi-Kram/Studiumsf채cher/Sopra/DdD/team17/Aufgabenbl채tter/Meilenste
in1/Bilder/Anwendungsfalldiagramme/Benutzer.jpg>]
<Bilder/Anwendungsfalldiagramme/abbildung3.jpg, id=63, 562.35094pt x 365.11406p
t>
File: Bilder/Anwendungsfalldiagramme/abbildung3.jpg Graphic file (type jpg)
 <use Bilder/Anwendungsfalldiagramme/abbildung3.jpg>
Package pdftex.def Info: Bilder/Anwendungsfalldiagramme/abbildung3.jpg used on 
input line 556.
(pdftex.def)             Requested size: 390.0pt x 253.21034pt.
 [19 <D:/Studi-Kram/Studiumsf채cher/Sopra/DdD/team17/Aufgabenbl채tter/Meilenste
in1/Bilder/Anwendungsfalldiagramme/Moderator.jpg>]
<Bilder/Anwendungsfalldiagramme/Admin.jpg, id=68, 395.22656pt x 295.1025pt>
File: Bilder/Anwendungsfalldiagramme/Admin.jpg Graphic file (type jpg)

<use Bilder/Anwendungsfalldiagramme/Admin.jpg>
Package pdftex.def Info: Bilder/Anwendungsfalldiagramme/Admin.jpg used on input
 line 563.
(pdftex.def)             Requested size: 390.0pt x 291.20224pt.
 [20 <D:/Studi-Kram/Studiumsf채cher/Sopra/DdD/team17/Aufgabenbl채tter/Meilenste
in1/Bilder/Anwendungsfalldiagramme/abbildung3.jpg>] [21 <D:/Studi-Kram/Studiums
f채cher/Sopra/DdD/team17/Aufgabenbl채tter/Meilenstein1/Bilder/Anwendungsfalldia
gramme/Admin.jpg>]
<Bilder/Sequenzdiagramme/Registrierung1.jpg, id=75, 585.68813pt x 465.23813pt>
File: Bilder/Sequenzdiagramme/Registrierung1.jpg Graphic file (type jpg)

<use Bilder/Sequenzdiagramme/Registrierung1.jpg>
Package pdftex.def Info: Bilder/Sequenzdiagramme/Registrierung1.jpg used on inp
ut line 576.
(pdftex.def)             Requested size: 390.0pt x 309.8054pt.

<Bilder/Sequenzdiagramme/ProfilBearbeiten1.jpg, id=76, 371.13657pt x 179.92218p
t>
File: Bilder/Sequenzdiagramme/ProfilBearbeiten1.jpg Graphic file (type jpg)
 <use Bilder/Sequenzdiagramme/ProfilBearbeiten1.jpg>
Package pdftex.def Info: Bilder/Sequenzdiagramme/ProfilBearbeiten1.jpg used on 
input line 583.
(pdftex.def)             Requested size: 390.0pt x 189.07211pt.

<Bilder/Sequenzdiagramme/AmSystemAnmelden1.jpg, id=77, 408.02437pt x 465.23813p
t>
File: Bilder/Sequenzdiagramme/AmSystemAnmelden1.jpg Graphic file (type jpg)
 <use Bilder/Sequenzdiagramme/AmSystemAnmelden1.jpg>
Package pdftex.def Info: Bilder/Sequenzdiagramme/AmSystemAnmelden1.jpg used on 
input line 590.
(pdftex.def)             Requested size: 390.0pt x 444.7068pt.
 [22 <D:/Studi-Kram/Studiumsf채cher/Sopra/DdD/team17/Aufgabenbl채tter/Meilenste
in1/Bilder/Sequenzdiagramme/Registrierung1.jpg>]
<Bilder/Sequenzdiagramme/VomSystemAbmelden.jpg, id=81, 231.11343pt x 180.675pt>
File: Bilder/Sequenzdiagramme/VomSystemAbmelden.jpg Graphic file (type jpg)
<use Bilder/Sequenzdiagramme/VomSystemAbmelden.jpg>
Package pdftex.def Info: Bilder/Sequenzdiagramme/VomSystemAbmelden.jpg used on 
input line 597.
(pdftex.def)             Requested size: 390.0pt x 304.91034pt.
 [23 <D:/Studi-Kram/Studiumsf채cher/Sopra/DdD/team17/Aufgabenbl채tter/Meilenste
in1/Bilder/Sequenzdiagramme/ProfilBearbeiten1.jpg>]
<Bilder/Sequenzdiagramme/ZuVeranstaltungAnmelden1.jpg, id=85, 425.33907pt x 519
.44063pt>
File: Bilder/Sequenzdiagramme/ZuVeranstaltungAnmelden1.jpg Graphic file (type j
pg)
 <use Bilder/Sequenzdiagramme/ZuVeranstaltungAnmelden1.jpg>
Package pdftex.def Info: Bilder/Sequenzdiagramme/ZuVeranstaltungAnmelden1.jpg u
sed on input line 604.
(pdftex.def)             Requested size: 390.0pt x 476.30597pt.
 [24 <D:/Studi-Kram/Studiumsf채cher/Sopra/DdD/team17/Aufgabenbl채tter/Meilenste
in1/Bilder/Sequenzdiagramme/AmSystemAnmelden1.jpg>]
<Bilder/Sequenzdiagramme/VonVeranstaltungAbmelden1.jpg, id=89, 371.13657pt x 21
6.05719pt>
File: Bilder/Sequenzdiagramme/VonVeranstaltungAbmelden1.jpg Graphic file (type 
jpg)
 <use Bilder/Sequenzdiagramme/VonVeranstaltungAbmelden1.jpg>
Package pdftex.def Info: Bilder/Sequenzdiagramme/VonVeranstaltungAbmelden1.jpg 
used on input line 611.
(pdftex.def)             Requested size: 390.0pt x 227.04474pt.
 [25 <D:/Studi-Kram/Studiumsf채cher/Sopra/DdD/team17/Aufgabenbl채tter/Meilenste
in1/Bilder/Sequenzdiagramme/VomSystemAbmelden.jpg>]
<Bilder/Sequenzdiagramme/VeranstaltungenAnzeigen1.jpg, id=94, 423.83344pt x 519
.44063pt>
File: Bilder/Sequenzdiagramme/VeranstaltungenAnzeigen1.jpg Graphic file (type j
pg)
 <use Bilder/Sequenzdiagramme/VeranstaltungenAnzeigen1.jpg>
Package pdftex.def Info: Bilder/Sequenzdiagramme/VeranstaltungenAnzeigen1.jpg u
sed on input line 618.
(pdftex.def)             Requested size: 390.0pt x 477.99422pt.
 [26 <D:/Studi-Kram/Studiumsf채cher/Sopra/DdD/team17/Aufgabenbl채tter/Meilenste
in1/Bilder/Sequenzdiagramme/ZuVeranstaltungAnmelden1.jpg>]
<Bilder/Sequenzdiagramme/VeranstaltungAnlegen1.jpg, id=98, 434.37282pt x 438.88
97pt>
File: Bilder/Sequenzdiagramme/VeranstaltungAnlegen1.jpg Graphic file (type jpg)

 <use Bilder/Sequenzdiagramme/VeranstaltungAnlegen1.jpg>
Package pdftex.def Info: Bilder/Sequenzdiagramme/VeranstaltungAnlegen1.jpg used
 on input line 625.
(pdftex.def)             Requested size: 390.0pt x 394.0796pt.
 [27 <D:/Studi-Kram/Studiumsf채cher/Sopra/DdD/team17/Aufgabenbl채tter/Meilenste
in1/Bilder/Sequenzdiagramme/VonVeranstaltungAbmelden1.jpg>]
<Bilder/Sequenzdiagramme/VeranstaltungLoeschen1.jpg, id=102, 371.13657pt x 197.
23688pt>
File: Bilder/Sequenzdiagramme/VeranstaltungLoeschen1.jpg Graphic file (type jpg
)
 <use Bilder/Sequenzdiagramme/VeranstaltungLoeschen1.jpg>
Package pdftex.def Info: Bilder/Sequenzdiagramme/VeranstaltungLoeschen1.jpg use
d on input line 632.
(pdftex.def)             Requested size: 390.0pt x 207.26732pt.
 [28 <D:/Studi-Kram/Studiumsf채cher/Sopra/DdD/team17/Aufgabenbl채tter/Meilenste
in1/Bilder/Sequenzdiagramme/VeranstaltungenAnzeigen1.jpg>]
<Bilder/Sequenzdiagramme/VeranstaltungBearbeiten1.jpg, id=106, 481.8pt x 216.05
719pt>
File: Bilder/Sequenzdiagramme/VeranstaltungBearbeiten1.jpg Graphic file (type j
pg)
 <use Bilder/Sequenzdiagramme/VeranstaltungBearbeiten1.jpg>
Package pdftex.def Info: Bilder/Sequenzdiagramme/VeranstaltungBearbeiten1.jpg u
sed on input line 639.
(pdftex.def)             Requested size: 390.0pt x 174.89655pt.
 [29 <D:/Studi-Kram/Studiumsf채cher/Sopra/DdD/team17/Aufgabenbl채tter/Meilenste
in1/Bilder/Sequenzdiagramme/VeranstaltungAnlegen1.jpg>]
<Bilder/Sequenzdiagramme/LerninhalteEinsehen1.jpg, id=110, 435.12563pt x 232.61
906pt>
File: Bilder/Sequenzdiagramme/LerninhalteEinsehen1.jpg Graphic file (type jpg)
 <use Bilder/Sequenzdiagramme/LerninhalteEinsehen1.jpg>
Package pdftex.def Info: Bilder/Sequenzdiagramme/LerninhalteEinsehen1.jpg used 
on input line 646.
(pdftex.def)             Requested size: 390.0pt x 208.50688pt.

<Bilder/Sequenzdiagramme/RoterFadenBearbeiten1.jpg, id=111, 371.13657pt x 216.0
5719pt>
File: Bilder/Sequenzdiagramme/RoterFadenBearbeiten1.jpg Graphic file (type jpg)

 <use Bilder/Sequenzdiagramme/RoterFadenBearbeiten1.jpg>
Package pdftex.def Info: Bilder/Sequenzdiagramme/RoterFadenBearbeiten1.jpg used
 on input line 653.
(pdftex.def)             Requested size: 390.0pt x 227.04474pt.
 [30 <D:/Studi-Kram/Studiumsf채cher/Sopra/DdD/team17/Aufgabenbl채tter/Meilenste
in1/Bilder/Sequenzdiagramme/VeranstaltungLoeschen1.jpg> <D:/Studi-Kram/Studiums
f채cher/Sopra/DdD/team17/Aufgabenbl채tter/Meilenstein1/Bilder/Sequenzdiagramme/
VeranstaltungBearbeiten1.jpg>]
<Bilder/Sequenzdiagramme/NotizenMachen1.jpg, id=115, 453.19313pt x 232.61906pt>
File: Bilder/Sequenzdiagramme/NotizenMachen1.jpg Graphic file (type jpg)
<use Bilder/Sequenzdiagramme/NotizenMachen1.jpg>
Package pdftex.def Info: Bilder/Sequenzdiagramme/NotizenMachen1.jpg used on inp
ut line 660.
(pdftex.def)             Requested size: 390.0pt x 200.18336pt.

<Bilder/Sequenzdiagramme/SkriptExportieren1.jpg, id=116, 459.96844pt x 232.6190
6pt>
File: Bilder/Sequenzdiagramme/SkriptExportieren1.jpg Graphic file (type jpg)
 <use Bilder/Sequenzdiagramme/SkriptExportieren1.jpg>
Package pdftex.def Info: Bilder/Sequenzdiagramme/SkriptExportieren1.jpg used on
 input line 667.
(pdftex.def)             Requested size: 390.0pt x 197.2444pt.
 [31 <D:/Studi-Kram/Studiumsf채cher/Sopra/DdD/team17/Aufgabenbl채tter/Meilenste
in1/Bilder/Sequenzdiagramme/LerninhalteEinsehen1.jpg> <D:/Studi-Kram/Studiumsf
쨇her/Sopra/DdD/team17/Aufgabenbl채tter/Meilenstein1/Bilder/Sequenzdiagramme/Ro
terFadenBearbeiten1.jpg>]
<Bilder/Sequenzdiagramme/DiskussionAnstossen1.jpg, id=121, 468.24937pt x 310.91
156pt>
File: Bilder/Sequenzdiagramme/DiskussionAnstossen1.jpg Graphic file (type jpg)
 <use Bilder/Sequenzdiagramme/DiskussionAnstossen1.jpg>
Package pdftex.def Info: Bilder/Sequenzdiagramme/DiskussionAnstossen1.jpg used 
on input line 674.
(pdftex.def)             Requested size: 390.0pt x 258.96738pt.

<Bilder/Sequenzdiagramme/DiskussionEinsehen1.jpg, id=122, 371.13657pt x 185.944
69pt>
File: Bilder/Sequenzdiagramme/DiskussionEinsehen1.jpg Graphic file (type jpg)
 <use Bilder/Sequenzdiagramme/DiskussionEinsehen1.jpg>
Package pdftex.def Info: Bilder/Sequenzdiagramme/DiskussionEinsehen1.jpg used o
n input line 681.
(pdftex.def)             Requested size: 390.0pt x 195.40088pt.
 [32 <D:/Studi-Kram/Studiumsf채cher/Sopra/DdD/team17/Aufgabenbl채tter/Meilenste
in1/Bilder/Sequenzdiagramme/NotizenMachen1.jpg> <D:/Studi-Kram/Studiumsf채cher/
Sopra/DdD/team17/Aufgabenbl채tter/Meilenstein1/Bilder/Sequenzdiagramme/SkriptEx
portieren1.jpg>]
<Bilder/Sequenzdiagramme/KommentarSchreiben1.jpg, id=126, 371.13657pt x 179.922
18pt>
File: Bilder/Sequenzdiagramme/KommentarSchreiben1.jpg Graphic file (type jpg)
 <use Bilder/Sequenzdiagramme/KommentarSchreiben1.jpg>
Package pdftex.def Info: Bilder/Sequenzdiagramme/KommentarSchreiben1.jpg used o
n input line 688.
(pdftex.def)             Requested size: 390.0pt x 189.07211pt.

<Bilder/Sequenzdiagramme/KommentareBewerten1.jpg, id=127, 371.13657pt x 179.922
18pt>
File: Bilder/Sequenzdiagramme/KommentareBewerten1.jpg Graphic file (type jpg)
 <use Bilder/Sequenzdiagramme/KommentareBewerten1.jpg>
Package pdftex.def Info: Bilder/Sequenzdiagramme/KommentareBewerten1.jpg used o
n input line 695.
(pdftex.def)             Requested size: 390.0pt x 189.07211pt.
 [33 <D:/Studi-Kram/Studiumsf채cher/Sopra/DdD/team17/Aufgabenbl채tter/Meilenste
in1/Bilder/Sequenzdiagramme/DiskussionAnstossen1.jpg> <D:/Studi-Kram/Studiumsf
쨇her/Sopra/DdD/team17/Aufgabenbl채tter/Meilenstein1/Bilder/Sequenzdiagramme/Di
skussionEinsehen1.jpg>]
<Bilder/Sequenzdiagramme/KommentareLoeschen1.jpg, id=131, 371.13657pt x 268.001
25pt>
File: Bilder/Sequenzdiagramme/KommentareLoeschen1.jpg Graphic file (type jpg)
 <use Bilder/Sequenzdiagramme/KommentareLoeschen1.jpg>
Package pdftex.def Info: Bilder/Sequenzdiagramme/KommentareLoeschen1.jpg used o
n input line 702.
(pdftex.def)             Requested size: 390.0pt x 281.63042pt.

<Bilder/Sequenzdiagramme/KarteikarteHinzufuegen1.jpg, id=132, 432.11438pt x 268
.00125pt>
File: Bilder/Sequenzdiagramme/KarteikarteHinzufuegen1.jpg Graphic file (type jp
g)
 <use Bilder/Sequenzdiagramme/KarteikarteHinzufuegen1.jpg>
Package pdftex.def Info: Bilder/Sequenzdiagramme/KarteikarteHinzufuegen1.jpg us
ed on input line 709.
(pdftex.def)             Requested size: 390.0pt x 241.88998pt.
 [34 <D:/Studi-Kram/Studiumsf채cher/Sopra/DdD/team17/Aufgabenbl채tter/Meilenste
in1/Bilder/Sequenzdiagramme/KommentarSchreiben1.jpg> <D:/Studi-Kram/Studiumsf채
cher/Sopra/DdD/team17/Aufgabenbl채tter/Meilenstein1/Bilder/Sequenzdiagramme/Kom
mentareBewerten1.jpg>]
<Bilder/Sequenzdiagramme/KarteikarteAendern1.jpg, id=136, 432.11438pt x 268.001
25pt>
File: Bilder/Sequenzdiagramme/KarteikarteAendern1.jpg Graphic file (type jpg)
 <use Bilder/Sequenzdiagramme/KarteikarteAendern1.jpg>
Package pdftex.def Info: Bilder/Sequenzdiagramme/KarteikarteAendern1.jpg used o
n input line 716.
(pdftex.def)             Requested size: 390.0pt x 241.88998pt.
 [35 <D:/Studi-Kram/Studiumsf채cher/Sopra/DdD/team17/Aufgabenbl채tter/Meilenste
in1/Bilder/Sequenzdiagramme/KommentareLoeschen1.jpg>]
<Bilder/Sequenzdiagramme/KarteikarteLoeschen1.jpg, id=140, 371.13657pt x 268.00
125pt>
File: Bilder/Sequenzdiagramme/KarteikarteLoeschen1.jpg Graphic file (type jpg)
 <use Bilder/Sequenzdiagramme/KarteikarteLoeschen1.jpg>
Package pdftex.def Info: Bilder/Sequenzdiagramme/KarteikarteLoeschen1.jpg used 
on input line 723.
(pdftex.def)             Requested size: 390.0pt x 281.63042pt.

<Bilder/Sequenzdiagramme/GruppenVerwalten1.jpg, id=141, 555.57562pt x 684.30656
pt>
File: Bilder/Sequenzdiagramme/GruppenVerwalten1.jpg Graphic file (type jpg)
 <use Bilder/Sequenzdiagramme/GruppenVerwalten1.jpg>
Package pdftex.def Info: Bilder/Sequenzdiagramme/GruppenVerwalten1.jpg used on 
input line 730.
(pdftex.def)             Requested size: 390.0pt x 480.36874pt.
 [36 <D:/Studi-Kram/Studiumsf채cher/Sopra/DdD/team17/Aufgabenbl채tter/Meilenste
in1/Bilder/Sequenzdiagramme/KarteikarteHinzufuegen1.jpg> <D:/Studi-Kram/Studium
sf채cher/Sopra/DdD/team17/Aufgabenbl채tter/Meilenstein1/Bilder/Sequenzdiagramme
/KarteikarteAendern1.jpg>]
<Bilder/Sequenzdiagramme/BeitrittsanfrageZuGruppe1.jpg, id=145, 410.2828pt x 38
6.94562pt>
File: Bilder/Sequenzdiagramme/BeitrittsanfrageZuGruppe1.jpg Graphic file (type 
jpg)
 <use Bilder/Sequenzdiagramme/BeitrittsanfrageZuGruppe1.jpg>
Package pdftex.def Info: Bilder/Sequenzdiagramme/BeitrittsanfrageZuGruppe1.jpg 
used on input line 737.
(pdftex.def)             Requested size: 390.0pt x 367.81471pt.
 [37 <D:/Studi-Kram/Studiumsf채cher/Sopra/DdD/team17/Aufgabenbl채tter/Meilenste
in1/Bilder/Sequenzdiagramme/KarteikarteLoeschen1.jpg>]
<Bilder/Sequenzdiagramme/BenachrichtigungenAnzeigen1.jpg, id=150, 429.10312pt x
 166.37157pt>
File: Bilder/Sequenzdiagramme/BenachrichtigungenAnzeigen1.jpg Graphic file (typ
e jpg)
 <use Bilder/Sequenzdiagramme/BenachrichtigungenAnzeigen1.jpg>
Package pdftex.def Info: Bilder/Sequenzdiagramme/BenachrichtigungenAnzeigen1.jp
g used on input line 744.
(pdftex.def)             Requested size: 390.0pt x 151.21301pt.

[38 <D:/Studi-Kram/Studiumsf채cher/Sopra/DdD/team17/Aufgabenbl채tter/Meilenstei
n1/Bilder/Sequenzdiagramme/GruppenVerwalten1.jpg>]
<Bilder/Sequenzdiagramme/NutzerstatusAendern1.jpg, id=154, 481.8pt x 216.05719p
t>
File: Bilder/Sequenzdiagramme/NutzerstatusAendern1.jpg Graphic file (type jpg)
 <use Bilder/Sequenzdiagramme/NutzerstatusAendern1.jpg>
Package pdftex.def Info: Bilder/Sequenzdiagramme/NutzerstatusAendern1.jpg used 
on input line 751.
(pdftex.def)             Requested size: 390.0pt x 174.89655pt.
 [39 <D:/Studi-Kram/Studiumsf채cher/Sopra/DdD/team17/Aufgabenbl채tter/Meilenste
in1/Bilder/Sequenzdiagramme/BeitrittsanfrageZuGruppe1.jpg>]
<Bilder/Sequenzdiagramme/MailVersenden1.jpg, id=158, 304.88907pt x 101.62968pt>
File: Bilder/Sequenzdiagramme/MailVersenden1.jpg Graphic file (type jpg)
<use Bilder/Sequenzdiagramme/MailVersenden1.jpg>
Package pdftex.def Info: Bilder/Sequenzdiagramme/MailVersenden1.jpg used on inp
ut line 759.
(pdftex.def)             Requested size: 390.0pt x 130.0049pt.
 [40 <D:/Studi-Kram/Studiumsf채cher/Sopra/DdD/team17/Aufgabenbl채tter/Meilenste
in1/Bilder/Sequenzdiagramme/BenachrichtigungenAnzeigen1.jpg> <D:/Studi-Kram/Stu
diumsf채cher/Sopra/DdD/team17/Aufgabenbl채tter/Meilenstein1/Bilder/Sequenzdiagr
amme/NutzerstatusAendern1.jpg>]
Underfull \hbox (badness 10000) in paragraph at lines 769--776

 []

[41 <D:/Studi-Kram/Studiumsf채cher/Sopra/DdD/team17/Aufgabenbl채tter/Meilenstei
n1/Bilder/Sequenzdiagramme/MailVersenden1.jpg>]
Underfull \hbox (badness 10000) in paragraph at lines 788--794

 []


Underfull \hbox (badness 10000) in paragraph at lines 796--802

 []


Underfull \hbox (badness 10000) in paragraph at lines 796--802

 []


Underfull \hbox (badness 10000) in paragraph at lines 806--812

 []


Underfull \hbox (badness 10000) in paragraph at lines 813--819

 []


Underfull \hbox (badness 10000) in paragraph at lines 813--819

 []


Underfull \hbox (badness 10000) in paragraph at lines 824--830

 []


Underfull \hbox (badness 10000) in paragraph at lines 831--837

 []


Underfull \hbox (badness 10000) in paragraph at lines 831--837

 []

[42]
Underfull \hbox (badness 10000) in paragraph at lines 842--848

 []


Underfull \hbox (badness 10000) in paragraph at lines 842--848

 []


Underfull \hbox (badness 10000) in paragraph at lines 852--858

 []


Underfull \hbox (badness 10000) in paragraph at lines 852--858

 []


Underfull \hbox (badness 10000) in paragraph at lines 862--868

 []


Underfull \hbox (badness 7704) in paragraph at lines 873--874
[]\OT1/cmr/m/n/12 Der Be-nut-zer hat die M[]oglichkeit die Export-
 []


Underfull \hbox (badness 10000) in paragraph at lines 869--875

 []


Underfull \hbox (badness 10000) in paragraph at lines 876--882

 []


Underfull \hbox (badness 10000) in paragraph at lines 876--882

 []


Underfull \hbox (badness 10000) in paragraph at lines 886--892

 []


Underfull \hbox (badness 10000) in paragraph at lines 893--899

 []

[43]
Underfull \hbox (badness 10000) in paragraph at lines 900--906

 []


Underfull \hbox (badness 10000) in paragraph at lines 907--913

 []


Underfull \hbox (badness 10000) in paragraph at lines 917--923

 []


Underfull \hbox (badness 10000) in paragraph at lines 924--930

 []


Underfull \hbox (badness 10000) in paragraph at lines 924--930

 []


Underfull \hbox (badness 10000) in paragraph at lines 934--940

 []


Underfull \hbox (badness 10000) in paragraph at lines 934--940

 []


Underfull \hbox (badness 10000) in paragraph at lines 944--950

 []


Underfull \hbox (badness 10000) in paragraph at lines 944--950

 []

[44]
Underfull \hbox (badness 10000) in paragraph at lines 954--960

 []


Underfull \hbox (badness 10000) in paragraph at lines 954--960

 []


Underfull \hbox (badness 10000) in paragraph at lines 964--970

 []


Underfull \hbox (badness 10000) in paragraph at lines 971--977

 []


Underfull \hbox (badness 10000) in paragraph at lines 978--984

 []


Underfull \hbox (badness 10000) in paragraph at lines 978--984

 []


Underfull \hbox (badness 10000) in paragraph at lines 988--994

 []


Underfull \hbox (badness 10000) in paragraph at lines 988--994

 []


Underfull \hbox (badness 10000) in paragraph at lines 999--1005

 []

[45]
Underfull \hbox (badness 10000) in paragraph at lines 1009--1015

 []


Underfull \hbox (badness 10000) in paragraph at lines 1009--1015

 []


Underfull \hbox (badness 1303) in paragraph at lines 1023--1024
\OT1/cmr/m/n/12 tungs-da-ten(Name, Be-schrei-bung, Zu-gangspass-wort,..)
 []


Underfull \hbox (badness 10000) in paragraph at lines 1019--1025

 []


Underfull \hbox (badness 10000) in paragraph at lines 1019--1025

 []


Underfull \hbox (badness 10000) in paragraph at lines 1029--1035

 []


Underfull \hbox (badness 10000) in paragraph at lines 1029--1035

 []


Underfull \hbox (badness 2173) in paragraph at lines 1043--1044
[]\OT1/cmr/m/n/12 Der Do-zent be-kommt ei-ne Im-por-to-ber-fl[]ache an-ge-
 []


Underfull \hbox (badness 10000) in paragraph at lines 1039--1045

 []


Underfull \hbox (badness 10000) in paragraph at lines 1039--1045

 []

[46]
Underfull \hbox (badness 10000) in paragraph at lines 1050--1056

 []


Underfull \hbox (badness 10000) in paragraph at lines 1050--1056

 []


Underfull \hbox (badness 10000) in paragraph at lines 1060--1066

 []


Underfull \hbox (badness 10000) in paragraph at lines 1060--1066

 []


Underfull \hbox (badness 10000) in paragraph at lines 1070--1076

 []


Underfull \hbox (badness 10000) in paragraph at lines 1070--1076

 []


Underfull \hbox (badness 10000) in paragraph at lines 1079--1085

 []


Underfull \hbox (badness 10000) in paragraph at lines 1079--1085

 []

[47]
Underfull \hbox (badness 10000) in paragraph at lines 1090--1096

 []


Underfull \hbox (badness 10000) in paragraph at lines 1090--1096

 []


Underfull \hbox (badness 10000) in paragraph at lines 1100--1106

 []


Underfull \hbox (badness 10000) in paragraph at lines 1100--1106

 []


Underfull \hbox (badness 10000) in paragraph at lines 1109--1115

 []


Underfull \hbox (badness 10000) in paragraph at lines 1109--1115

 []

LaTeX Font Info:    Try loading font information for OMS+cmr on input line 1120
.
("C:\Program Files (x86)\Miktex\tex\latex\base\omscmr.fd"
File: omscmr.fd 1999/05/25 v2.5h Standard LaTeX font definitions
)
LaTeX Font Info:    Font shape `OMS/cmr/m/n' in size <12> not available
(Font)              Font shape `OMS/cmsy/m/n' tried instead on input line 1120.

 [48] [49]
(D:\Studi-Kram\Studiumsf채cher\Sopra\DdD\team17\Aufgabenbl채tter\Meilenstein1\M
eilenstein1.aux)

LaTeX Warning: Label(s) may have changed. Rerun to get cross-references right.

 )
(\end occurred inside a group at level 1)

### simple group (level 1) entered at line 1009 ({)
### bottom level 
Here is how much of TeX's memory you used:
 2558 strings out of 493921
 36702 string characters out of 3146476
 93577 words of memory out of 3000000
 5791 multiletter control sequences out of 15000+200000
 12403 words of font info for 48 fonts, out of 3000000 for 9000
 841 hyphenation exceptions out of 8191
 27i,9n,24p,1984b,239s stack positions out of 5000i,500n,10000p,200000b,50000s
<C:/Program Files (x86)/Miktex/fonts/type1/public/amsfonts/cm/c
mbx12.pfb><C:/Program Files (x86)/Miktex/fonts/type1/public/amsfonts/cm/cmr12.p
fb><C:/Program Files (x86)/Miktex/fonts/type1/public/amsfonts/cm/cmr17.pfb><C:/
Program Files (x86)/Miktex/fonts/type1/public/amsfonts/cm/cmsy10.pfb>
Output written on Meilenstein1.pdf (49 pages, 790069 bytes).
PDF statistics:
 208 PDF objects out of 1000 (max. 8388607)
 0 named destinations out of 1000 (max. 500000)
 156 words of extra memory for PDF output out of 10000 (max. 10000000)

